# Logfile created on Mon Apr 11 20:25:44 +0100 2011 by logger.rb/22285
REQUESTING PAGE: GET /people/new with {} and HTTP headers {}
REQUESTING PAGE: GET /people/new with {} and HTTP headers {}
REQUESTING PAGE: GET /people/new with {} and HTTP headers {}
REQUESTING PAGE: GET /people/new with {} and HTTP headers {}
REQUESTING PAGE: POST /people with {"commit"=>"Save", "person"=>{"name"=>"Jake", "postcode"=>"", "gender"=>"", "msisdn"=>"", "income"=>"", "age"=>"", "surname"=>"", "email"=>""}, "utf8"=>"✓"} and HTTP headers {"HTTP_REFERER"=>"/people/new"}
REQUESTING PAGE: GET /people/new with {} and HTTP headers {}
REQUESTING PAGE: POST /people with {"commit"=>"Save", "person"=>{"name"=>"Jake", "postcode"=>"", "gender"=>"", "msisdn"=>"", "income"=>"", "age"=>"", "surname"=>"", "email"=>""}, "utf8"=>"✓"} and HTTP headers {"HTTP_REFERER"=>"/people/new"}
REQUESTING PAGE: GET /people/new with {} and HTTP headers {}
REQUESTING PAGE: POST /people with {"commit"=>"Save", "person"=>{"name"=>"Jake", "postcode"=>"", "gender"=>"", "msisdn"=>"", "income"=>"", "age"=>"", "surname"=>"", "email"=>""}, "utf8"=>"✓"} and HTTP headers {"HTTP_REFERER"=>"/people/new"}
REQUESTING PAGE: GET /people/new with {} and HTTP headers {}
REQUESTING PAGE: POST /people with {"commit"=>"Save", "person"=>{"name"=>"Jake", "postcode"=>"", "gender"=>"", "msisdn"=>"", "income"=>"", "age"=>"", "surname"=>"", "email"=>""}, "utf8"=>"✓"} and HTTP headers {"HTTP_REFERER"=>"/people/new"}
REQUESTING PAGE: GET /people/new with {} and HTTP headers {}
REQUESTING PAGE: POST /people with {"commit"=>"Save", "person"=>{"name"=>"Jake", "postcode"=>"", "gender"=>"", "msisdn"=>"", "income"=>"", "age"=>"", "surname"=>"", "email"=>""}, "utf8"=>"✓"} and HTTP headers {"HTTP_REFERER"=>"/people/new"}
REQUESTING PAGE: GET /people/new with {} and HTTP headers {}
REQUESTING PAGE: POST /people with {"commit"=>"Save", "person"=>{"name"=>"Jake", "postcode"=>"", "gender"=>"", "msisdn"=>"", "income"=>"", "age"=>"", "surname"=>"", "email"=>""}, "utf8"=>"✓"} and HTTP headers {"HTTP_REFERER"=>"/people/new"}
REQUESTING PAGE: GET /people/new with {} and HTTP headers {}
REQUESTING PAGE: POST /people with {"commit"=>"Save", "person"=>{"name"=>"Jake", "postcode"=>"", "gender"=>"", "msisdn"=>"", "income"=>"", "age"=>"", "surname"=>"", "email"=>""}, "utf8"=>"✓"} and HTTP headers {"HTTP_REFERER"=>"/people/new"}
REQUESTING PAGE: GET /people/new with {} and HTTP headers {}
REQUESTING PAGE: POST /people with {"commit"=>"Save", "person"=>{"name"=>"Jake", "postcode"=>"", "gender"=>"", "msisdn"=>"", "income"=>"", "age"=>"", "surname"=>"", "email"=>""}, "utf8"=>"✓"} and HTTP headers {"HTTP_REFERER"=>"/people/new"}
REQUESTING PAGE: GET / with {} and HTTP headers {}
REQUESTING PAGE: GET /people with {} and HTTP headers {"HTTP_REFERER"=>"/"}
REQUESTING PAGE: GET /people/1 with {} and HTTP headers {"HTTP_REFERER"=>"/people"}
REQUESTING PAGE: GET /people/1/edit with {} and HTTP headers {"HTTP_REFERER"=>"/people/1"}
REQUESTING PAGE: GET / with {} and HTTP headers {}
REQUESTING PAGE: GET /people with {} and HTTP headers {"HTTP_REFERER"=>"/"}
REQUESTING PAGE: GET /people/1 with {} and HTTP headers {"HTTP_REFERER"=>"/people"}
REQUESTING PAGE: GET /people/1/edit with {} and HTTP headers {"HTTP_REFERER"=>"/people/1"}
REQUESTING PAGE: GET / with {} and HTTP headers {}
REQUESTING PAGE: GET /people with {} and HTTP headers {"HTTP_REFERER"=>"/"}
REQUESTING PAGE: GET /people/1 with {} and HTTP headers {"HTTP_REFERER"=>"/people"}
REQUESTING PAGE: GET /people/1/edit with {} and HTTP headers {"HTTP_REFERER"=>"/people/1"}
REQUESTING PAGE: GET / with {} and HTTP headers {}
REQUESTING PAGE: GET /people with {} and HTTP headers {"HTTP_REFERER"=>"/"}
REQUESTING PAGE: GET /people/1 with {} and HTTP headers {"HTTP_REFERER"=>"/people"}
REQUESTING PAGE: GET /people/1/edit with {} and HTTP headers {"HTTP_REFERER"=>"/people/1"}
REQUESTING PAGE: GET / with {} and HTTP headers {}
REQUESTING PAGE: GET /people with {} and HTTP headers {"HTTP_REFERER"=>"/"}
REQUESTING PAGE: GET /people/1 with {} and HTTP headers {"HTTP_REFERER"=>"/people"}
REQUESTING PAGE: GET /people/1/edit with {} and HTTP headers {"HTTP_REFERER"=>"/people/1"}
REQUESTING PAGE: GET / with {} and HTTP headers {}
REQUESTING PAGE: GET /people with {} and HTTP headers {"HTTP_REFERER"=>"/"}
REQUESTING PAGE: GET /people/1 with {} and HTTP headers {"HTTP_REFERER"=>"/people"}
REQUESTING PAGE: GET /people/1/edit with {} and HTTP headers {"HTTP_REFERER"=>"/people/1"}
REQUESTING PAGE: GET / with {} and HTTP headers {}
REQUESTING PAGE: GET /people with {} and HTTP headers {"HTTP_REFERER"=>"/"}
REQUESTING PAGE: GET /people/1 with {} and HTTP headers {"HTTP_REFERER"=>"/people"}
REQUESTING PAGE: GET / with {} and HTTP headers {}
REQUESTING PAGE: GET /people with {} and HTTP headers {"HTTP_REFERER"=>"/"}
REQUESTING PAGE: GET /people/1 with {} and HTTP headers {"HTTP_REFERER"=>"/people"}
REQUESTING PAGE: GET /people/1/edit with {} and HTTP headers {"HTTP_REFERER"=>"/people/1"}
REQUESTING PAGE: GET / with {} and HTTP headers {}
REQUESTING PAGE: GET /people with {} and HTTP headers {"HTTP_REFERER"=>"/"}
REQUESTING PAGE: GET /people/1 with {} and HTTP headers {"HTTP_REFERER"=>"/people"}
REQUESTING PAGE: GET /people/1/edit with {} and HTTP headers {"HTTP_REFERER"=>"/people/1"}
REQUESTING PAGE: GET / with {} and HTTP headers {}
REQUESTING PAGE: GET /people with {} and HTTP headers {"HTTP_REFERER"=>"/"}
REQUESTING PAGE: GET /people/1 with {} and HTTP headers {"HTTP_REFERER"=>"/people"}
REQUESTING PAGE: GET /people/1/edit with {} and HTTP headers {"HTTP_REFERER"=>"/people/1"}
REQUESTING PAGE: GET / with {} and HTTP headers {}
REQUESTING PAGE: GET /people with {} and HTTP headers {"HTTP_REFERER"=>"/"}
REQUESTING PAGE: GET /people/1 with {} and HTTP headers {"HTTP_REFERER"=>"/people"}
REQUESTING PAGE: GET /people/1/edit with {} and HTTP headers {"HTTP_REFERER"=>"/people/1"}
REQUESTING PAGE: GET /people with {} and HTTP headers {"HTTP_REFERER"=>"/people/1/edit"}
REQUESTING PAGE: GET / with {} and HTTP headers {}
REQUESTING PAGE: GET /people with {} and HTTP headers {"HTTP_REFERER"=>"/"}
REQUESTING PAGE: GET /people/1 with {} and HTTP headers {"HTTP_REFERER"=>"/people"}
REQUESTING PAGE: GET /people/1/edit with {} and HTTP headers {"HTTP_REFERER"=>"/people/1"}
REQUESTING PAGE: GET /people with {} and HTTP headers {"HTTP_REFERER"=>"/people/1/edit"}
REQUESTING PAGE: GET /people/new with {} and HTTP headers {"HTTP_REFERER"=>"/people"}
REQUESTING PAGE: GET / with {} and HTTP headers {}
REQUESTING PAGE: GET /people with {} and HTTP headers {"HTTP_REFERER"=>"/"}
REQUESTING PAGE: GET /people/1 with {} and HTTP headers {"HTTP_REFERER"=>"/people"}
REQUESTING PAGE: GET /people/1/edit with {} and HTTP headers {"HTTP_REFERER"=>"/people/1"}
REQUESTING PAGE: GET /people with {} and HTTP headers {"HTTP_REFERER"=>"/people/1/edit"}
REQUESTING PAGE: GET /people/new with {} and HTTP headers {"HTTP_REFERER"=>"/people"}
REQUESTING PAGE: GET / with {} and HTTP headers {}
REQUESTING PAGE: GET /people with {} and HTTP headers {"HTTP_REFERER"=>"/"}
REQUESTING PAGE: GET /people/1 with {} and HTTP headers {"HTTP_REFERER"=>"/people"}
REQUESTING PAGE: GET /people/1/edit with {} and HTTP headers {"HTTP_REFERER"=>"/people/1"}
REQUESTING PAGE: GET /people with {} and HTTP headers {"HTTP_REFERER"=>"/people/1/edit"}
REQUESTING PAGE: GET /people/new with {} and HTTP headers {"HTTP_REFERER"=>"/people"}
REQUESTING PAGE: GET / with {} and HTTP headers {}
REQUESTING PAGE: GET /people with {} and HTTP headers {"HTTP_REFERER"=>"/"}
REQUESTING PAGE: GET /people/1 with {} and HTTP headers {"HTTP_REFERER"=>"/people"}
REQUESTING PAGE: GET /people/1/edit with {} and HTTP headers {"HTTP_REFERER"=>"/people/1"}
REQUESTING PAGE: GET /people with {} and HTTP headers {"HTTP_REFERER"=>"/people/1/edit"}
REQUESTING PAGE: GET /people/new with {} and HTTP headers {"HTTP_REFERER"=>"/people"}
REQUESTING PAGE: GET /people/new with {} and HTTP headers {}
REQUESTING PAGE: POST /people with {"commit"=>"Save", "person"=>{"name"=>"", "postcode"=>"", "gender"=>"", "msisdn"=>"", "income"=>"", "age"=>"", "surname"=>"", "email"=>""}, "utf8"=>"✓"} and HTTP headers {"HTTP_REFERER"=>"/people/new"}
REQUESTING PAGE: GET / with {} and HTTP headers {}
REQUESTING PAGE: GET /people with {} and HTTP headers {"HTTP_REFERER"=>"/"}
REQUESTING PAGE: GET /people/1 with {} and HTTP headers {"HTTP_REFERER"=>"/people"}
REQUESTING PAGE: GET /people/1/edit with {} and HTTP headers {"HTTP_REFERER"=>"/people/1"}
REQUESTING PAGE: GET /people with {} and HTTP headers {"HTTP_REFERER"=>"/people/1/edit"}
REQUESTING PAGE: GET /people/new with {} and HTTP headers {"HTTP_REFERER"=>"/people"}
REQUESTING PAGE: GET /people/new with {} and HTTP headers {}
REQUESTING PAGE: POST /people with {"commit"=>"Save", "person"=>{"name"=>"", "postcode"=>"", "gender"=>"", "msisdn"=>"", "income"=>"", "age"=>"", "surname"=>"", "email"=>""}, "utf8"=>"✓"} and HTTP headers {"HTTP_REFERER"=>"/people/new"}
REQUESTING PAGE: GET / with {} and HTTP headers {}
REQUESTING PAGE: GET /people with {} and HTTP headers {"HTTP_REFERER"=>"/"}
REQUESTING PAGE: GET /people/1 with {} and HTTP headers {"HTTP_REFERER"=>"/people"}
REQUESTING PAGE: GET /people/1/edit with {} and HTTP headers {"HTTP_REFERER"=>"/people/1"}
REQUESTING PAGE: GET /people with {} and HTTP headers {"HTTP_REFERER"=>"/people/1/edit"}
REQUESTING PAGE: GET /people/new with {} and HTTP headers {"HTTP_REFERER"=>"/people"}
REQUESTING PAGE: GET /people/new with {} and HTTP headers {}
REQUESTING PAGE: POST /people with {"commit"=>"Save", "person"=>{"name"=>"Tom", "postcode"=>"NW1 6RD", "gender"=>"Male", "msisdn"=>"07945696589", "income"=>"60000", "age"=>"34", "surname"=>"Cruise", "email"=>"tomcruise@hollywood.com"}, "utf8"=>"✓"} and HTTP headers {"HTTP_REFERER"=>"/people/new"}
REQUESTING PAGE: GET http://www.example.com/people/7 with {} and HTTP headers {"HTTP_REFERER"=>"/people"}
REQUESTING PAGE: GET / with {} and HTTP headers {}
REQUESTING PAGE: GET /people with {} and HTTP headers {"HTTP_REFERER"=>"/"}
REQUESTING PAGE: GET /people/1 with {} and HTTP headers {"HTTP_REFERER"=>"/people"}
REQUESTING PAGE: GET /people/1/edit with {} and HTTP headers {"HTTP_REFERER"=>"/people/1"}
REQUESTING PAGE: GET /people with {} and HTTP headers {"HTTP_REFERER"=>"/people/1/edit"}
REQUESTING PAGE: GET /people/new with {} and HTTP headers {"HTTP_REFERER"=>"/people"}
REQUESTING PAGE: GET /people/new with {} and HTTP headers {}
REQUESTING PAGE: POST /people with {"commit"=>"Save", "person"=>{"name"=>"Tom", "postcode"=>"NW1 6RD", "gender"=>"Male", "msisdn"=>"07945696589", "income"=>"60000", "age"=>"34", "surname"=>"Cruise", "email"=>"tomcruise@hollywood.com"}, "utf8"=>"✓"} and HTTP headers {"HTTP_REFERER"=>"/people/new"}
REQUESTING PAGE: GET http://www.example.com/people/8 with {} and HTTP headers {"HTTP_REFERER"=>"/people"}
REQUESTING PAGE: GET / with {} and HTTP headers {}
REQUESTING PAGE: GET /people with {} and HTTP headers {"HTTP_REFERER"=>"/"}
REQUESTING PAGE: GET /people/1 with {} and HTTP headers {"HTTP_REFERER"=>"/people"}
REQUESTING PAGE: GET /people/1/edit with {} and HTTP headers {"HTTP_REFERER"=>"/people/1"}
REQUESTING PAGE: GET /people with {} and HTTP headers {"HTTP_REFERER"=>"/people/1/edit"}
REQUESTING PAGE: GET /people/new with {} and HTTP headers {"HTTP_REFERER"=>"/people"}
REQUESTING PAGE: GET /people/new with {} and HTTP headers {}
REQUESTING PAGE: POST /people with {"commit"=>"Save", "person"=>{"name"=>"Tom", "postcode"=>"NW1 6RD", "gender"=>"Male", "msisdn"=>"07945696589", "income"=>"60000", "age"=>"34", "surname"=>"Cruise", "email"=>"tomcruise@hollywood.com"}, "utf8"=>"✓"} and HTTP headers {"HTTP_REFERER"=>"/people/new"}
REQUESTING PAGE: GET http://www.example.com/people/9 with {} and HTTP headers {"HTTP_REFERER"=>"/people"}
REQUESTING PAGE: GET / with {} and HTTP headers {}
REQUESTING PAGE: GET /people with {} and HTTP headers {"HTTP_REFERER"=>"/"}
REQUESTING PAGE: GET /people/1 with {} and HTTP headers {"HTTP_REFERER"=>"/people"}
REQUESTING PAGE: GET /people/1/edit with {} and HTTP headers {"HTTP_REFERER"=>"/people/1"}
REQUESTING PAGE: GET /people with {} and HTTP headers {"HTTP_REFERER"=>"/people/1/edit"}
REQUESTING PAGE: GET /people/new with {} and HTTP headers {"HTTP_REFERER"=>"/people"}
REQUESTING PAGE: GET /people/new with {} and HTTP headers {}
REQUESTING PAGE: POST /people with {"commit"=>"Save", "person"=>{"name"=>"Tom", "postcode"=>"NW1 6RD", "gender"=>"Male", "msisdn"=>"07945696589", "income"=>"60000", "age"=>"34", "surname"=>"Cruise", "email"=>"tomcruise@hollywood.com"}, "utf8"=>"✓"} and HTTP headers {"HTTP_REFERER"=>"/people/new"}
REQUESTING PAGE: GET http://www.example.com/people/10 with {} and HTTP headers {"HTTP_REFERER"=>"/people"}
REQUESTING PAGE: GET / with {} and HTTP headers {}
REQUESTING PAGE: GET /people with {} and HTTP headers {"HTTP_REFERER"=>"/"}
REQUESTING PAGE: GET /people/1 with {} and HTTP headers {"HTTP_REFERER"=>"/people"}
REQUESTING PAGE: GET /people/1/edit with {} and HTTP headers {"HTTP_REFERER"=>"/people/1"}
REQUESTING PAGE: GET /people with {} and HTTP headers {"HTTP_REFERER"=>"/people/1/edit"}
REQUESTING PAGE: GET /people/new with {} and HTTP headers {"HTTP_REFERER"=>"/people"}
REQUESTING PAGE: GET /people/new with {} and HTTP headers {}
REQUESTING PAGE: POST /people with {"commit"=>"Save", "person"=>{"name"=>"Tom", "postcode"=>"NW1 6RD", "gender"=>"Male", "msisdn"=>"07945696589", "income"=>"60000", "age"=>"34", "surname"=>"Cruise", "email"=>"tomcruise@hollywood.com"}, "utf8"=>"✓"} and HTTP headers {"HTTP_REFERER"=>"/people/new"}
REQUESTING PAGE: GET http://www.example.com/people/11 with {} and HTTP headers {"HTTP_REFERER"=>"/people"}
REQUESTING PAGE: GET / with {} and HTTP headers {}
REQUESTING PAGE: GET /people with {} and HTTP headers {"HTTP_REFERER"=>"/"}
REQUESTING PAGE: GET /people/1 with {} and HTTP headers {"HTTP_REFERER"=>"/people"}
REQUESTING PAGE: GET /people/1/edit with {} and HTTP headers {"HTTP_REFERER"=>"/people/1"}
REQUESTING PAGE: GET /people with {} and HTTP headers {"HTTP_REFERER"=>"/people/1/edit"}
REQUESTING PAGE: GET /people/new with {} and HTTP headers {"HTTP_REFERER"=>"/people"}
REQUESTING PAGE: GET /people/new with {} and HTTP headers {}
REQUESTING PAGE: POST /people with {"commit"=>"Save", "person"=>{"name"=>"Tom", "postcode"=>"NW1 6RD", "gender"=>"Male", "msisdn"=>"07945696589", "income"=>"60000", "age"=>"34", "surname"=>"Cruise", "email"=>"tomcruise@hollywood.com"}, "utf8"=>"✓"} and HTTP headers {"HTTP_REFERER"=>"/people/new"}
REQUESTING PAGE: GET http://www.example.com/people/12 with {} and HTTP headers {"HTTP_REFERER"=>"/people"}
REQUESTING PAGE: GET / with {} and HTTP headers {}
REQUESTING PAGE: GET /people with {} and HTTP headers {"HTTP_REFERER"=>"/"}
REQUESTING PAGE: GET /people/1 with {} and HTTP headers {"HTTP_REFERER"=>"/people"}
REQUESTING PAGE: GET /people/1/edit with {} and HTTP headers {"HTTP_REFERER"=>"/people/1"}
REQUESTING PAGE: GET /people with {} and HTTP headers {"HTTP_REFERER"=>"/people/1/edit"}
REQUESTING PAGE: GET /people/new with {} and HTTP headers {"HTTP_REFERER"=>"/people"}
REQUESTING PAGE: GET /people/new with {} and HTTP headers {}
REQUESTING PAGE: POST /people with {"commit"=>"Save", "person"=>{"name"=>"Tom", "postcode"=>"NW1 6RD", "gender"=>"Male", "msisdn"=>"07945696589", "income"=>"60000", "age"=>"34", "surname"=>"Cruise", "email"=>"tomcruise@hollywood.com"}, "utf8"=>"✓"} and HTTP headers {"HTTP_REFERER"=>"/people/new"}
REQUESTING PAGE: GET http://www.example.com/people/13 with {} and HTTP headers {"HTTP_REFERER"=>"/people"}
REQUESTING PAGE: GET /people/new with {} and HTTP headers {}
REQUESTING PAGE: POST /people with {"commit"=>"Save", "person"=>{"name"=>"Tom", "postcode"=>"NW1 6RD", "gender"=>"Male", "msisdn"=>"07945696589", "income"=>"60000", "age"=>"", "surname"=>"Cruise", "email"=>"tomcruise@hollywood.com"}, "utf8"=>"✓"} and HTTP headers {"HTTP_REFERER"=>"/people/new"}
REQUESTING PAGE: GET / with {} and HTTP headers {}
REQUESTING PAGE: GET /people with {} and HTTP headers {"HTTP_REFERER"=>"/"}
REQUESTING PAGE: GET /people/1 with {} and HTTP headers {"HTTP_REFERER"=>"/people"}
REQUESTING PAGE: GET /people/1/edit with {} and HTTP headers {"HTTP_REFERER"=>"/people/1"}
REQUESTING PAGE: GET /people with {} and HTTP headers {"HTTP_REFERER"=>"/people/1/edit"}
REQUESTING PAGE: GET /people/new with {} and HTTP headers {"HTTP_REFERER"=>"/people"}
REQUESTING PAGE: GET /people/new with {} and HTTP headers {}
REQUESTING PAGE: POST /people with {"commit"=>"Save", "person"=>{"name"=>"Tom", "postcode"=>"NW1 6RD", "gender"=>"Male", "msisdn"=>"07945696589", "income"=>"60000", "age"=>"34", "surname"=>"Cruise", "email"=>"tomcruise@hollywood.com"}, "utf8"=>"✓"} and HTTP headers {"HTTP_REFERER"=>"/people/new"}
REQUESTING PAGE: GET http://www.example.com/people/14 with {} and HTTP headers {"HTTP_REFERER"=>"/people"}
REQUESTING PAGE: GET /people/new with {} and HTTP headers {}
REQUESTING PAGE: POST /people with {"commit"=>"Save", "person"=>{"name"=>"Tom", "postcode"=>"NW1 6RD", "gender"=>"Male", "msisdn"=>"07945696589", "income"=>"60000", "age"=>"", "surname"=>"Cruise", "email"=>"tomcruise@hollywood.com"}, "utf8"=>"✓"} and HTTP headers {"HTTP_REFERER"=>"/people/new"}
REQUESTING PAGE: GET / with {} and HTTP headers {}
REQUESTING PAGE: GET /people with {} and HTTP headers {"HTTP_REFERER"=>"/"}
REQUESTING PAGE: GET /people/1 with {} and HTTP headers {"HTTP_REFERER"=>"/people"}
REQUESTING PAGE: GET /people/1/edit with {} and HTTP headers {"HTTP_REFERER"=>"/people/1"}
REQUESTING PAGE: GET /people with {} and HTTP headers {"HTTP_REFERER"=>"/people/1/edit"}
REQUESTING PAGE: GET /people/new with {} and HTTP headers {"HTTP_REFERER"=>"/people"}
REQUESTING PAGE: GET /people/new with {} and HTTP headers {}
REQUESTING PAGE: POST /people with {"commit"=>"Save", "person"=>{"name"=>"Tom", "postcode"=>"NW1 6RD", "gender"=>"Male", "msisdn"=>"07945696589", "income"=>"60000", "age"=>"34", "surname"=>"Cruise", "email"=>"tomcruise@hollywood.com"}, "utf8"=>"✓"} and HTTP headers {"HTTP_REFERER"=>"/people/new"}
REQUESTING PAGE: GET http://www.example.com/people/15 with {} and HTTP headers {"HTTP_REFERER"=>"/people"}
REQUESTING PAGE: GET /people/new with {} and HTTP headers {}
REQUESTING PAGE: POST /people with {"commit"=>"Save", "person"=>{"name"=>"Tom", "postcode"=>"NW1 6RD", "gender"=>"Male", "msisdn"=>"07945696589", "income"=>"60000", "age"=>"", "surname"=>"Cruise", "email"=>"tomcruise@hollywood.com"}, "utf8"=>"✓"} and HTTP headers {"HTTP_REFERER"=>"/people/new"}
REQUESTING PAGE: GET / with {} and HTTP headers {}
REQUESTING PAGE: GET /people with {} and HTTP headers {"HTTP_REFERER"=>"/"}
REQUESTING PAGE: GET /people/1 with {} and HTTP headers {"HTTP_REFERER"=>"/people"}
REQUESTING PAGE: GET /people/1/edit with {} and HTTP headers {"HTTP_REFERER"=>"/people/1"}
REQUESTING PAGE: GET /people with {} and HTTP headers {"HTTP_REFERER"=>"/people/1/edit"}
REQUESTING PAGE: GET /people/new with {} and HTTP headers {"HTTP_REFERER"=>"/people"}
REQUESTING PAGE: GET /people/new with {} and HTTP headers {}
REQUESTING PAGE: POST /people with {"commit"=>"Save", "person"=>{"name"=>"Tom", "postcode"=>"NW1 6RD", "gender"=>"Male", "msisdn"=>"07945696589", "income"=>"60000", "age"=>"34", "surname"=>"Cruise", "email"=>"tomcruise@hollywood.com"}, "utf8"=>"✓"} and HTTP headers {"HTTP_REFERER"=>"/people/new"}
REQUESTING PAGE: GET http://www.example.com/people/16 with {} and HTTP headers {"HTTP_REFERER"=>"/people"}
REQUESTING PAGE: GET /people/new with {} and HTTP headers {}
REQUESTING PAGE: POST /people with {"commit"=>"Save", "person"=>{"name"=>"Tom", "postcode"=>"NW1 6RD", "gender"=>"Male", "msisdn"=>"07945696589", "income"=>"60000", "age"=>"", "surname"=>"Cruise", "email"=>"tomcruise@hollywood.com"}, "utf8"=>"✓"} and HTTP headers {"HTTP_REFERER"=>"/people/new"}
REQUESTING PAGE: GET / with {} and HTTP headers {}
REQUESTING PAGE: GET /people with {} and HTTP headers {"HTTP_REFERER"=>"/"}
REQUESTING PAGE: GET /people/1 with {} and HTTP headers {"HTTP_REFERER"=>"/people"}
REQUESTING PAGE: GET /people/1/edit with {} and HTTP headers {"HTTP_REFERER"=>"/people/1"}
REQUESTING PAGE: GET /people with {} and HTTP headers {"HTTP_REFERER"=>"/people/1/edit"}
REQUESTING PAGE: GET /people/new with {} and HTTP headers {"HTTP_REFERER"=>"/people"}
REQUESTING PAGE: GET /people/new with {} and HTTP headers {}
REQUESTING PAGE: POST /people with {"commit"=>"Save", "person"=>{"name"=>"Tom", "postcode"=>"NW1 6RD", "gender"=>"Male", "msisdn"=>"07945696589", "income"=>"60000", "age"=>"34", "surname"=>"Cruise", "email"=>"tomcruise@hollywood.com"}, "utf8"=>"✓"} and HTTP headers {"HTTP_REFERER"=>"/people/new"}
REQUESTING PAGE: GET http://www.example.com/people/22 with {} and HTTP headers {"HTTP_REFERER"=>"/people"}
REQUESTING PAGE: GET /people/new with {} and HTTP headers {}
REQUESTING PAGE: POST /people with {"commit"=>"Save", "person"=>{"name"=>"Tom", "postcode"=>"NW1 6RD", "gender"=>"Male", "msisdn"=>"07945696589", "income"=>"60000", "age"=>"", "surname"=>"Cruise", "email"=>"tomcruise@hollywood.com"}, "utf8"=>"✓"} and HTTP headers {"HTTP_REFERER"=>"/people/new"}
REQUESTING PAGE: GET / with {} and HTTP headers {}
REQUESTING PAGE: GET /people with {} and HTTP headers {"HTTP_REFERER"=>"/"}
REQUESTING PAGE: GET /people/1 with {} and HTTP headers {"HTTP_REFERER"=>"/people"}
REQUESTING PAGE: GET /people/1/edit with {} and HTTP headers {"HTTP_REFERER"=>"/people/1"}
REQUESTING PAGE: GET /people with {} and HTTP headers {"HTTP_REFERER"=>"/people/1/edit"}
REQUESTING PAGE: GET /people/new with {} and HTTP headers {"HTTP_REFERER"=>"/people"}
REQUESTING PAGE: GET /people/new with {} and HTTP headers {}
REQUESTING PAGE: POST /people with {"commit"=>"Save", "person"=>{"name"=>"Tom", "postcode"=>"NW1 6RD", "gender"=>"Male", "msisdn"=>"07945696589", "income"=>"60000", "age"=>"34", "surname"=>"Cruise", "email"=>"tomcruise@hollywood.com"}, "utf8"=>"✓"} and HTTP headers {"HTTP_REFERER"=>"/people/new"}
REQUESTING PAGE: GET http://www.example.com/people/28 with {} and HTTP headers {"HTTP_REFERER"=>"/people"}
REQUESTING PAGE: GET /people/new with {} and HTTP headers {}
REQUESTING PAGE: POST /people with {"commit"=>"Save", "person"=>{"name"=>"Tom", "postcode"=>"NW1 6RD", "gender"=>"Male", "msisdn"=>"07945696589", "income"=>"60000", "age"=>"", "surname"=>"Cruise", "email"=>"tomcruise@hollywood.com"}, "utf8"=>"✓"} and HTTP headers {"HTTP_REFERER"=>"/people/new"}
REQUESTING PAGE: GET / with {} and HTTP headers {}
REQUESTING PAGE: GET /people with {} and HTTP headers {"HTTP_REFERER"=>"/"}
REQUESTING PAGE: GET /people/1 with {} and HTTP headers {"HTTP_REFERER"=>"/people"}
REQUESTING PAGE: GET /people/1/edit with {} and HTTP headers {"HTTP_REFERER"=>"/people/1"}
REQUESTING PAGE: GET /people with {} and HTTP headers {"HTTP_REFERER"=>"/people/1/edit"}
REQUESTING PAGE: GET /people/new with {} and HTTP headers {"HTTP_REFERER"=>"/people"}
REQUESTING PAGE: GET /people/new with {} and HTTP headers {}
REQUESTING PAGE: POST /people with {"commit"=>"Save", "person"=>{"name"=>"Tom", "postcode"=>"NW1 6RD", "gender"=>"Male", "msisdn"=>"07945696589", "income"=>"60000", "age"=>"34", "surname"=>"Cruise", "email"=>"tomcruise@hollywood.com"}, "utf8"=>"✓"} and HTTP headers {"HTTP_REFERER"=>"/people/new"}
REQUESTING PAGE: GET http://www.example.com/people/34 with {} and HTTP headers {"HTTP_REFERER"=>"/people"}
REQUESTING PAGE: GET /people/new with {} and HTTP headers {}
REQUESTING PAGE: POST /people with {"commit"=>"Save", "person"=>{"name"=>"Tom", "postcode"=>"NW1 6RD", "gender"=>"Male", "msisdn"=>"07945696589", "income"=>"60000", "age"=>"", "surname"=>"Cruise", "email"=>"tomcruise@hollywood.com"}, "utf8"=>"✓"} and HTTP headers {"HTTP_REFERER"=>"/people/new"}
REQUESTING PAGE: GET / with {} and HTTP headers {}
REQUESTING PAGE: GET /people with {} and HTTP headers {"HTTP_REFERER"=>"/"}
REQUESTING PAGE: GET /people/1 with {} and HTTP headers {"HTTP_REFERER"=>"/people"}
REQUESTING PAGE: GET /people/1/edit with {} and HTTP headers {"HTTP_REFERER"=>"/people/1"}
REQUESTING PAGE: GET /people with {} and HTTP headers {"HTTP_REFERER"=>"/people/1/edit"}
REQUESTING PAGE: GET /people/new with {} and HTTP headers {"HTTP_REFERER"=>"/people"}
REQUESTING PAGE: GET /people/new with {} and HTTP headers {}
REQUESTING PAGE: POST /people with {"commit"=>"Save", "person"=>{"name"=>"Tom", "postcode"=>"NW1 6RD", "gender"=>"Male", "msisdn"=>"07945696589", "income"=>"60000", "age"=>"34", "surname"=>"Cruise", "email"=>"tomcruise@hollywood.com"}, "utf8"=>"✓"} and HTTP headers {"HTTP_REFERER"=>"/people/new"}
REQUESTING PAGE: GET http://www.example.com/people/40 with {} and HTTP headers {"HTTP_REFERER"=>"/people"}
REQUESTING PAGE: GET /people/new with {} and HTTP headers {}
REQUESTING PAGE: POST /people with {"commit"=>"Save", "person"=>{"name"=>"Tom", "postcode"=>"NW1 6RD", "gender"=>"Male", "msisdn"=>"07945696589", "income"=>"60000", "age"=>"", "surname"=>"Cruise", "email"=>"tomcruise@hollywood.com"}, "utf8"=>"✓"} and HTTP headers {"HTTP_REFERER"=>"/people/new"}
REQUESTING PAGE: GET / with {} and HTTP headers {}
REQUESTING PAGE: GET /people with {} and HTTP headers {"HTTP_REFERER"=>"/"}
REQUESTING PAGE: GET /people/new with {} and HTTP headers {}
REQUESTING PAGE: GET /people/new with {} and HTTP headers {}
REQUESTING PAGE: GET / with {} and HTTP headers {}
REQUESTING PAGE: GET /people with {} and HTTP headers {"HTTP_REFERER"=>"/"}
REQUESTING PAGE: GET /people/new with {} and HTTP headers {}
REQUESTING PAGE: GET /people/new with {} and HTTP headers {}
REQUESTING PAGE: GET / with {} and HTTP headers {}
REQUESTING PAGE: GET /people with {} and HTTP headers {"HTTP_REFERER"=>"/"}
REQUESTING PAGE: GET /people/1 with {} and HTTP headers {"HTTP_REFERER"=>"/people"}
REQUESTING PAGE: GET /people/1/edit with {} and HTTP headers {"HTTP_REFERER"=>"/people/1"}
REQUESTING PAGE: GET /people with {} and HTTP headers {"HTTP_REFERER"=>"/people/1/edit"}
REQUESTING PAGE: GET /people/new with {} and HTTP headers {"HTTP_REFERER"=>"/people"}
REQUESTING PAGE: GET /people/new with {} and HTTP headers {}
REQUESTING PAGE: POST /people with {"commit"=>"Save", "person"=>{"name"=>"Tom", "postcode"=>"NW1 6RD", "gender"=>"Male", "msisdn"=>"07945696589", "income"=>"60000", "age"=>"34", "surname"=>"Cruise", "email"=>"tomcruise@hollywood.com"}, "utf8"=>"✓"} and HTTP headers {"HTTP_REFERER"=>"/people/new"}
REQUESTING PAGE: GET http://www.example.com/people/46 with {} and HTTP headers {"HTTP_REFERER"=>"/people"}
REQUESTING PAGE: GET /people/new with {} and HTTP headers {}
REQUESTING PAGE: POST /people with {"commit"=>"Save", "person"=>{"name"=>"Tom", "postcode"=>"NW1 6RD", "gender"=>"Male", "msisdn"=>"07945696589", "income"=>"60000", "age"=>"", "surname"=>"Cruise", "email"=>"tomcruise@hollywood.com"}, "utf8"=>"✓"} and HTTP headers {"HTTP_REFERER"=>"/people/new"}
REQUESTING PAGE: GET / with {} and HTTP headers {}
REQUESTING PAGE: GET /people with {} and HTTP headers {"HTTP_REFERER"=>"/"}
REQUESTING PAGE: GET /people/new with {} and HTTP headers {}
REQUESTING PAGE: POST /people with {"commit"=>"Save", "person"=>{"name"=>"Tom", "postcode"=>"NW1 6RD", "gender"=>"Male", "msisdn"=>"07945696589", "income"=>"60000", "age"=>"34", "surname"=>"Cruise", "email"=>"tomcruise@hollywood.com"}, "utf8"=>"✓"} and HTTP headers {"HTTP_REFERER"=>"/people/new"}
REQUESTING PAGE: GET http://www.example.com/people/11 with {} and HTTP headers {"HTTP_REFERER"=>"/people"}
REQUESTING PAGE: GET /people/new with {} and HTTP headers {}
REQUESTING PAGE: POST /people with {"commit"=>"Save", "person"=>{"name"=>"Tom", "postcode"=>"NW1 6RD", "gender"=>"Male", "msisdn"=>"07945696589", "income"=>"60000", "age"=>"", "surname"=>"Cruise", "email"=>"tomcruise@hollywood.com"}, "utf8"=>"✓"} and HTTP headers {"HTTP_REFERER"=>"/people/new"}
REQUESTING PAGE: GET / with {} and HTTP headers {}
REQUESTING PAGE: GET /people with {} and HTTP headers {"HTTP_REFERER"=>"/"}
REQUESTING PAGE: GET /people/new with {} and HTTP headers {}
REQUESTING PAGE: POST /people with {"commit"=>"Save", "person"=>{"name"=>"Tom", "postcode"=>"NW1 6RD", "gender"=>"Male", "msisdn"=>"07945696589", "income"=>"60000", "age"=>"34", "surname"=>"Cruise", "email"=>"tomcruise@hollywood.com"}, "utf8"=>"✓"} and HTTP headers {"HTTP_REFERER"=>"/people/new"}
REQUESTING PAGE: GET http://www.example.com/people/17 with {} and HTTP headers {"HTTP_REFERER"=>"/people"}
REQUESTING PAGE: GET /people/new with {} and HTTP headers {}
REQUESTING PAGE: POST /people with {"commit"=>"Save", "person"=>{"name"=>"Tom", "postcode"=>"NW1 6RD", "gender"=>"Male", "msisdn"=>"07945696589", "income"=>"60000", "age"=>"", "surname"=>"Cruise", "email"=>"tomcruise@hollywood.com"}, "utf8"=>"✓"} and HTTP headers {"HTTP_REFERER"=>"/people/new"}
REQUESTING PAGE: GET / with {} and HTTP headers {}
REQUESTING PAGE: GET /people with {} and HTTP headers {"HTTP_REFERER"=>"/"}
REQUESTING PAGE: GET /people/new with {} and HTTP headers {}
REQUESTING PAGE: POST /people with {"commit"=>"Save", "person"=>{"name"=>"Tom", "postcode"=>"NW1 6RD", "gender"=>"Male", "msisdn"=>"07945696589", "income"=>"60000", "age"=>"34", "surname"=>"Cruise", "email"=>"tomcruise@hollywood.com"}, "utf8"=>"✓"} and HTTP headers {"HTTP_REFERER"=>"/people/new"}
REQUESTING PAGE: GET http://www.example.com/people/23 with {} and HTTP headers {"HTTP_REFERER"=>"/people"}
REQUESTING PAGE: GET /people/new with {} and HTTP headers {}
REQUESTING PAGE: POST /people with {"commit"=>"Save", "person"=>{"name"=>"Tom", "postcode"=>"NW1 6RD", "gender"=>"Male", "msisdn"=>"07945696589", "income"=>"60000", "age"=>"", "surname"=>"Cruise", "email"=>"tomcruise@hollywood.com"}, "utf8"=>"✓"} and HTTP headers {"HTTP_REFERER"=>"/people/new"}
REQUESTING PAGE: GET / with {} and HTTP headers {}
REQUESTING PAGE: GET /people with {} and HTTP headers {"HTTP_REFERER"=>"/"}
REQUESTING PAGE: GET /people/new with {} and HTTP headers {}
REQUESTING PAGE: POST /people with {"commit"=>"Save", "person"=>{"name"=>"Tom", "postcode"=>"NW1 6RD", "gender"=>"Male", "msisdn"=>"07945696589", "income"=>"60000", "age"=>"34", "surname"=>"Cruise", "email"=>"tomcruise@hollywood.com"}, "utf8"=>"✓"} and HTTP headers {"HTTP_REFERER"=>"/people/new"}
REQUESTING PAGE: GET http://www.example.com/people/29 with {} and HTTP headers {"HTTP_REFERER"=>"/people"}
REQUESTING PAGE: GET /people/new with {} and HTTP headers {}
REQUESTING PAGE: POST /people with {"commit"=>"Save", "person"=>{"name"=>"Tom", "postcode"=>"NW1 6RD", "gender"=>"Male", "msisdn"=>"07945696589", "income"=>"60000", "age"=>"", "surname"=>"Cruise", "email"=>"tomcruise@hollywood.com"}, "utf8"=>"✓"} and HTTP headers {"HTTP_REFERER"=>"/people/new"}
REQUESTING PAGE: GET / with {} and HTTP headers {}
REQUESTING PAGE: GET /people with {} and HTTP headers {"HTTP_REFERER"=>"/"}
REQUESTING PAGE: GET /people/new with {} and HTTP headers {}
REQUESTING PAGE: POST /people with {"commit"=>"Save", "person"=>{"name"=>"Tom", "postcode"=>"NW1 6RD", "gender"=>"Male", "msisdn"=>"07945696589", "income"=>"60000", "age"=>"34", "surname"=>"Cruise", "email"=>"tomcruise@hollywood.com"}, "utf8"=>"✓"} and HTTP headers {"HTTP_REFERER"=>"/people/new"}
REQUESTING PAGE: GET http://www.example.com/people/35 with {} and HTTP headers {"HTTP_REFERER"=>"/people"}
REQUESTING PAGE: GET /people/new with {} and HTTP headers {}
REQUESTING PAGE: POST /people with {"commit"=>"Save", "person"=>{"name"=>"Tom", "postcode"=>"NW1 6RD", "gender"=>"Male", "msisdn"=>"07945696589", "income"=>"60000", "age"=>"", "surname"=>"Cruise", "email"=>"tomcruise@hollywood.com"}, "utf8"=>"✓"} and HTTP headers {"HTTP_REFERER"=>"/people/new"}
REQUESTING PAGE: GET / with {} and HTTP headers {}
REQUESTING PAGE: GET /people with {} and HTTP headers {"HTTP_REFERER"=>"/"}
REQUESTING PAGE: GET /people/new with {} and HTTP headers {}
REQUESTING PAGE: POST /people with {"commit"=>"Save", "person"=>{"name"=>"Tom", "postcode"=>"NW1 6RD", "gender"=>"Male", "msisdn"=>"07945696589", "income"=>"60000", "age"=>"34", "surname"=>"Cruise", "email"=>"tomcruise@hollywood.com"}, "utf8"=>"✓"} and HTTP headers {"HTTP_REFERER"=>"/people/new"}
REQUESTING PAGE: GET http://www.example.com/people/41 with {} and HTTP headers {"HTTP_REFERER"=>"/people"}
REQUESTING PAGE: GET /people/new with {} and HTTP headers {}
REQUESTING PAGE: POST /people with {"commit"=>"Save", "person"=>{"name"=>"Tom", "postcode"=>"NW1 6RD", "gender"=>"Male", "msisdn"=>"07945696589", "income"=>"60000", "age"=>"", "surname"=>"Cruise", "email"=>"tomcruise@hollywood.com"}, "utf8"=>"✓"} and HTTP headers {"HTTP_REFERER"=>"/people/new"}
REQUESTING PAGE: GET / with {} and HTTP headers {}
REQUESTING PAGE: GET /people with {} and HTTP headers {"HTTP_REFERER"=>"/"}
REQUESTING PAGE: GET /people/new with {} and HTTP headers {}
REQUESTING PAGE: POST /people with {"commit"=>"Save", "person"=>{"name"=>"Tom", "postcode"=>"NW1 6RD", "gender"=>"Male", "msisdn"=>"07945696589", "income"=>"60000", "age"=>"34", "surname"=>"Cruise", "email"=>"tomcruise@hollywood.com"}, "utf8"=>"✓"} and HTTP headers {"HTTP_REFERER"=>"/people/new"}
REQUESTING PAGE: GET http://www.example.com/people/47 with {} and HTTP headers {"HTTP_REFERER"=>"/people"}
REQUESTING PAGE: GET /people/new with {} and HTTP headers {}
REQUESTING PAGE: POST /people with {"commit"=>"Save", "person"=>{"name"=>"Tom", "postcode"=>"NW1 6RD", "gender"=>"Male", "msisdn"=>"07945696589", "income"=>"60000", "age"=>"", "surname"=>"Cruise", "email"=>"tomcruise@hollywood.com"}, "utf8"=>"✓"} and HTTP headers {"HTTP_REFERER"=>"/people/new"}
REQUESTING PAGE: GET / with {} and HTTP headers {}
REQUESTING PAGE: GET /people with {} and HTTP headers {"HTTP_REFERER"=>"/"}
REQUESTING PAGE: GET /people/new with {} and HTTP headers {}
REQUESTING PAGE: POST /people with {"commit"=>"Save", "person"=>{"name"=>"Tom", "postcode"=>"NW1 6RD", "gender"=>"Male", "msisdn"=>"07945696589", "income"=>"60000", "age"=>"34", "surname"=>"Cruise", "email"=>"tomcruise@hollywood.com"}, "utf8"=>"✓"} and HTTP headers {"HTTP_REFERER"=>"/people/new"}
REQUESTING PAGE: GET http://www.example.com/people/63 with {} and HTTP headers {"HTTP_REFERER"=>"/people"}
REQUESTING PAGE: GET /people/new with {} and HTTP headers {}
REQUESTING PAGE: POST /people with {"commit"=>"Save", "person"=>{"name"=>"Tom", "postcode"=>"NW1 6RD", "gender"=>"Male", "msisdn"=>"07945696589", "income"=>"60000", "age"=>"", "surname"=>"Cruise", "email"=>"tomcruise@hollywood.com"}, "utf8"=>"✓"} and HTTP headers {"HTTP_REFERER"=>"/people/new"}
REQUESTING PAGE: GET / with {} and HTTP headers {}
REQUESTING PAGE: GET /people with {} and HTTP headers {"HTTP_REFERER"=>"/"}
REQUESTING PAGE: GET /people/new with {} and HTTP headers {}
REQUESTING PAGE: POST /people with {"commit"=>"Save", "person"=>{"name"=>"Tom", "postcode"=>"NW1 6RD", "gender"=>"Male", "msisdn"=>"07945696589", "income"=>"60000", "age"=>"34", "surname"=>"Cruise", "email"=>"tomcruise@hollywood.com"}, "utf8"=>"✓"} and HTTP headers {"HTTP_REFERER"=>"/people/new"}
REQUESTING PAGE: GET http://www.example.com/people/64 with {} and HTTP headers {"HTTP_REFERER"=>"/people"}
REQUESTING PAGE: GET /people/new with {} and HTTP headers {}
REQUESTING PAGE: POST /people with {"commit"=>"Save", "person"=>{"name"=>"Tom", "postcode"=>"NW1 6RD", "gender"=>"Male", "msisdn"=>"07945696589", "income"=>"60000", "age"=>"", "surname"=>"Cruise", "email"=>"tomcruise@hollywood.com"}, "utf8"=>"✓"} and HTTP headers {"HTTP_REFERER"=>"/people/new"}
REQUESTING PAGE: GET / with {} and HTTP headers {}
REQUESTING PAGE: GET /people with {} and HTTP headers {"HTTP_REFERER"=>"/"}
REQUESTING PAGE: GET /people/new with {} and HTTP headers {}
REQUESTING PAGE: POST /people with {"commit"=>"Save", "person"=>{"name"=>"Tom", "postcode"=>"NW1 6RD", "gender"=>"Male", "msisdn"=>"07945696589", "income"=>"60000", "age"=>"34", "surname"=>"Cruise", "email"=>"tomcruise@hollywood.com"}, "utf8"=>"✓"} and HTTP headers {"HTTP_REFERER"=>"/people/new"}
REQUESTING PAGE: GET http://www.example.com/people/65 with {} and HTTP headers {"HTTP_REFERER"=>"/people"}
REQUESTING PAGE: GET /people/new with {} and HTTP headers {}
REQUESTING PAGE: POST /people with {"commit"=>"Save", "person"=>{"name"=>"Tom", "postcode"=>"NW1 6RD", "gender"=>"Male", "msisdn"=>"07945696589", "income"=>"60000", "age"=>"", "surname"=>"Cruise", "email"=>"tomcruise@hollywood.com"}, "utf8"=>"✓"} and HTTP headers {"HTTP_REFERER"=>"/people/new"}
REQUESTING PAGE: GET / with {} and HTTP headers {}
REQUESTING PAGE: GET /people with {} and HTTP headers {"HTTP_REFERER"=>"/"}
REQUESTING PAGE: GET /people/new with {} and HTTP headers {}
REQUESTING PAGE: POST /people with {"commit"=>"Save", "person"=>{"name"=>"Tom", "postcode"=>"NW1 6RD", "gender"=>"Male", "msisdn"=>"07945696589", "income"=>"60000", "age"=>"34", "surname"=>"Cruise", "email"=>"tomcruise@hollywood.com"}, "utf8"=>"✓"} and HTTP headers {"HTTP_REFERER"=>"/people/new"}
REQUESTING PAGE: GET http://www.example.com/people/66 with {} and HTTP headers {"HTTP_REFERER"=>"/people"}
REQUESTING PAGE: GET /people/new with {} and HTTP headers {}
REQUESTING PAGE: POST /people with {"commit"=>"Save", "person"=>{"name"=>"Tom", "postcode"=>"NW1 6RD", "gender"=>"Male", "msisdn"=>"07945696589", "income"=>"60000", "age"=>"", "surname"=>"Cruise", "email"=>"tomcruise@hollywood.com"}, "utf8"=>"✓"} and HTTP headers {"HTTP_REFERER"=>"/people/new"}
REQUESTING PAGE: GET / with {} and HTTP headers {}
REQUESTING PAGE: GET /people with {} and HTTP headers {"HTTP_REFERER"=>"/"}
REQUESTING PAGE: GET /people/new with {} and HTTP headers {"HTTP_REFERER"=>"/people"}
REQUESTING PAGE: GET /people/new with {} and HTTP headers {}
REQUESTING PAGE: POST /people with {"commit"=>"Save", "person"=>{"name"=>"Tom", "postcode"=>"NW1 6RD", "gender"=>"Male", "msisdn"=>"07945696589", "income"=>"60000", "age"=>"34", "surname"=>"Cruise", "email"=>"tomcruise@hollywood.com"}, "utf8"=>"✓"} and HTTP headers {"HTTP_REFERER"=>"/people/new"}
REQUESTING PAGE: GET http://www.example.com/people/67 with {} and HTTP headers {"HTTP_REFERER"=>"/people"}
REQUESTING PAGE: GET /people/new with {} and HTTP headers {}
REQUESTING PAGE: POST /people with {"commit"=>"Save", "person"=>{"name"=>"Tom", "postcode"=>"NW1 6RD", "gender"=>"Male", "msisdn"=>"07945696589", "income"=>"60000", "age"=>"", "surname"=>"Cruise", "email"=>"tomcruise@hollywood.com"}, "utf8"=>"✓"} and HTTP headers {"HTTP_REFERER"=>"/people/new"}
REQUESTING PAGE: GET / with {} and HTTP headers {}
REQUESTING PAGE: GET /people with {} and HTTP headers {"HTTP_REFERER"=>"/"}
REQUESTING PAGE: GET /people/new with {} and HTTP headers {"HTTP_REFERER"=>"/people"}
REQUESTING PAGE: GET /people/new with {} and HTTP headers {}
REQUESTING PAGE: POST /people with {"commit"=>"Save", "person"=>{"name"=>"Tom", "postcode"=>"NW1 6RD", "gender"=>"Male", "msisdn"=>"07945696589", "income"=>"60000", "age"=>"34", "surname"=>"Cruise", "email"=>"tomcruise@hollywood.com"}, "utf8"=>"✓"} and HTTP headers {"HTTP_REFERER"=>"/people/new"}
REQUESTING PAGE: GET http://www.example.com/people/68 with {} and HTTP headers {"HTTP_REFERER"=>"/people"}
REQUESTING PAGE: GET /people/new with {} and HTTP headers {}
REQUESTING PAGE: POST /people with {"commit"=>"Save", "person"=>{"name"=>"Tom", "postcode"=>"NW1 6RD", "gender"=>"Male", "msisdn"=>"07945696589", "income"=>"60000", "age"=>"", "surname"=>"Cruise", "email"=>"tomcruise@hollywood.com"}, "utf8"=>"✓"} and HTTP headers {"HTTP_REFERER"=>"/people/new"}
REQUESTING PAGE: GET / with {} and HTTP headers {}
REQUESTING PAGE: GET /people with {} and HTTP headers {"HTTP_REFERER"=>"/"}
REQUESTING PAGE: GET /people/new with {} and HTTP headers {"HTTP_REFERER"=>"/people"}
REQUESTING PAGE: GET /people/new with {} and HTTP headers {}
REQUESTING PAGE: POST /people with {"commit"=>"Save", "person"=>{"name"=>"Tom", "postcode"=>"NW1 6RD", "gender"=>"Male", "msisdn"=>"07945696589", "income"=>"60000", "age"=>"34", "surname"=>"Cruise", "email"=>"tomcruise@hollywood.com"}, "utf8"=>"✓"} and HTTP headers {"HTTP_REFERER"=>"/people/new"}
REQUESTING PAGE: GET http://www.example.com/people/74 with {} and HTTP headers {"HTTP_REFERER"=>"/people"}
REQUESTING PAGE: GET /people/new with {} and HTTP headers {}
REQUESTING PAGE: POST /people with {"commit"=>"Save", "person"=>{"name"=>"Tom", "postcode"=>"NW1 6RD", "gender"=>"Male", "msisdn"=>"07945696589", "income"=>"60000", "age"=>"", "surname"=>"Cruise", "email"=>"tomcruise@hollywood.com"}, "utf8"=>"✓"} and HTTP headers {"HTTP_REFERER"=>"/people/new"}
